Using pre-set license
Built from '2020.2/release' branch; Version is '2020.2.1f1 (270dd8c3da1c) revision 2559448'; Using compiler version '192528614'; Build Type 'Release'
OS: 'Windows 10  (10.0.0) 64bit' Language: 'de' Physical Memory: 10125 MB
BatchMode: 1, IsHumanControllingUs: 0, StartBugReporterOnCrash: 0, Is64bit: 1, IsPro: 0

 COMMAND LINE ARGUMENTS:
F:\Dev\Tools\Unity3D\UnityEditor\2020.2.1f1\Editor\Unity.exe
-adb2
-batchMode
-noUpm
-name
AssetImportWorker4
-projectPath
F:/Dev/Projects/GitHub/UltraStar Play/UltraStar Play
-logFile
Logs/AssetImportWorker4.log
-srvPort
53520
Successfully changed project path to: F:/Dev/Projects/GitHub/UltraStar Play/UltraStar Play
F:/Dev/Projects/GitHub/UltraStar Play/UltraStar Play
Using Asset Import Pipeline V2.
Refreshing native plugins compatible for Editor in 2615.40 ms, found 0 plugins.
Preloading 0 native plugins for Editor in 0.00 ms.
Initialize engine version: 2020.2.1f1 (270dd8c3da1c)
[Subsystems] Discovering subsystems at path F:/Dev/Tools/Unity3D/UnityEditor/2020.2.1f1/Editor/Data/Resources/UnitySubsystems
[Subsystems] Discovering subsystems at path F:/Dev/Projects/GitHub/UltraStar Play/UltraStar Play/Assets
GfxDevice: creating device client; threaded=0
Direct3D:
    Version:  Direct3D 11.0 [level 11.0]
    Renderer: NVIDIA GeForce GT 620M (ID=0x1140)
    Vendor:   
    VRAM:     969 MB
    Driver:   23.21.13.9135
Initialize mono
Mono path[0] = 'F:/Dev/Tools/Unity3D/UnityEditor/2020.2.1f1/Editor/Data/Managed'
Mono path[1] = 'F:/Dev/Tools/Unity3D/UnityEditor/2020.2.1f1/Editor/Data/MonoBleedingEdge/lib/mono/unityjit'
Mono config path = 'F:/Dev/Tools/Unity3D/UnityEditor/2020.2.1f1/Editor/Data/MonoBleedingEdge/etc'
Using monoOptions --debugger-agent=transport=dt_socket,embedding=1,server=y,suspend=n,address=127.0.0.1:56144
Begin MonoManager ReloadAssembly
Registering precompiled unity dll's ...
Register platform support module: F:/Dev/Tools/Unity3D/UnityEditor/2020.2.1f1/Editor/Data/PlaybackEngines/WindowsStandaloneSupport/UnityEditor.WindowsStandalone.Extensions.dll
Registered in 0.032836 seconds.
Native extension for WindowsStandalone target not found
